Building DAG of jobs...
Creating conda environment ../envs/gffread.yaml...
Downloading and installing remote packages.
Environment for ../envs/gffread.yaml created (location: .snakemake/conda/49a34f80)
Creating conda environment ../envs/featureCounts.yaml...
Downloading and installing remote packages.
Environment for ../envs/featureCounts.yaml created (location: .snakemake/conda/0330c14c)
Creating conda environment https:/github.com/snakemake/snakemake-wrappers/raw/0.39.0/bio/trimmomatic/pe/environment.yaml...
Downloading and installing remote packages.
Environment for ../../../../../var/folders/9c/gqh_grvd06v5_q_rr2fqqv8m0000gn/T/tmp13j8ka6h.yaml created (location: .snakemake/conda/e5ed8163)
Creating conda environment ../envs/hisat2.yaml...
Downloading and installing remote packages.
Environment for ../envs/hisat2.yaml created (location: .snakemake/conda/ae0a7d0e)
Using shell: /bin/bash
Provided cores: 1
Rules claiming more threads will be scaled down.
Job counts:
	count	jobs
	1	all
	1	concat_paired_reads
	1	counts_for_db
	1	featureCounts
	1	generate_filtered_reference
	1	generate_gff3_reference
	1	generate_masked_reference
	1	hisat2_align
	1	hisat2_index
	1	trimmomatic_pe
	10

[Wed Oct 16 14:05:43 2019]
rule hisat2_index:
    input: reference-genomes/Escherichia_coli/GCF_000005845.2/GCF_000005845.2_ASM584v2_genomic.fna
    output: hisat2/index
    log: logs/hisat2/index.log
    jobid: 3

Activating conda environment: /Users/emre/Dev/cfb_rnaseq_prokaryote/test/.snakemake/conda/ae0a7d0e
[Wed Oct 16 14:05:47 2019]
Finished job 3.
1 of 10 steps (10%) done

[Wed Oct 16 14:05:47 2019]
rule concat_paired_reads:
    input: data/reads/ecoli_01_S1_L001_R1_001.fastq.gz, data/reads/ecoli_01_S1_L001_R2_001.fastq.gz, data/reads/ecoli_01_S1_L002_R1_001.fastq.gz, data/reads/ecoli_01_S1_L002_R2_001.fastq.gz
    output: reads/raw/raw_ecoli_01_R1_paired.fastq.gz, reads/raw/raw_ecoli_01_R2_paired.fastq.gz
    log: logs/reads/raw/ecoli_01_concat_paired.log
    jobid: 6
    wildcards: sample_id=ecoli_01

[Wed Oct 16 14:05:47 2019]
Finished job 6.
2 of 10 steps (20%) done

[Wed Oct 16 14:05:47 2019]
rule trimmomatic_pe:
    input: reads/raw/raw_ecoli_01_R1_paired.fastq.gz, reads/raw/raw_ecoli_01_R2_paired.fastq.gz
    output: reads/trimmed/trimmed_ecoli_01_R1_paired.fastq.gz, reads/trimmed/trimmed_ecoli_01_R2_paired.fastq.gz, reads/trimmed/trimmed_ecoli_01_R1_unpaired.fastq.gz, reads/trimmed/trimmed_ecoli_01_R2_unpaired.fastq.gz
    log: logs/trimmomatic/ecoli_01.log
    jobid: 4
    wildcards: sample_id=ecoli_01
    resources: walltime=600

Activating conda environment: /Users/emre/Dev/cfb_rnaseq_prokaryote/test/.snakemake/conda/e5ed8163
[Wed Oct 16 14:05:51 2019]
Finished job 4.
3 of 10 steps (30%) done

[Wed Oct 16 14:05:51 2019]
rule hisat2_align:
    input: hisat2/index, reads/trimmed/trimmed_ecoli_01_R1_paired.fastq.gz, reads/trimmed/trimmed_ecoli_01_R1_unpaired.fastq.gz, reads/trimmed/trimmed_ecoli_01_R2_paired.fastq.gz, reads/trimmed/trimmed_ecoli_01_R2_unpaired.fastq.gz
    output: hisat2/align/ecoli_01.accepted_hits.bam, hisat2/align/ecoli_01.accepted_hits.align_summary.txt
    log: logs/hisat2/align_ecoli_01.log
    jobid: 1
    wildcards: sample_id=ecoli_01

Activating conda environment: /Users/emre/Dev/cfb_rnaseq_prokaryote/test/.snakemake/conda/ae0a7d0e
[Wed Oct 16 14:05:53 2019]
Finished job 1.
4 of 10 steps (40%) done

[Wed Oct 16 14:05:53 2019]
rule generate_gff3_reference:
    input: reference-genomes/Escherichia_coli/GCF_000005845.2/GCF_000005845.2_ASM584v2_genomic.gff
    output: references/GCF_000005845.2_processed.gff
    log: logs/gffread/GCF_000005845.2_processed.log
    jobid: 9
    wildcards: reference_id=GCF_000005845.2

Activating conda environment: /Users/emre/Dev/cfb_rnaseq_prokaryote/test/.snakemake/conda/49a34f80
[Wed Oct 16 14:05:54 2019]
Finished job 9.
5 of 10 steps (50%) done

[Wed Oct 16 14:05:54 2019]
rule generate_masked_reference:
    input: references/GCF_000005845.2_processed.gff
    output: references/GCF_000005845.2_filtered.gff
    log: logs/gffread/GCF_000005845.2_filtered.log
    jobid: 8
    wildcards: reference_id=GCF_000005845.2

Activating conda environment: /Users/emre/Dev/cfb_rnaseq_prokaryote/test/.snakemake/conda/49a34f80
[Wed Oct 16 14:05:54 2019]
Finished job 8.
6 of 10 steps (60%) done

[Wed Oct 16 14:05:54 2019]
rule generate_filtered_reference:
    input: references/GCF_000005845.2_filtered.gff
    output: references/GCF_000005845.2_masked.gff
    log: logs/gffread/GCF_000005845.2_masked.log
    jobid: 7
    wildcards: reference_id=GCF_000005845.2

[Wed Oct 16 14:05:55 2019]
Finished job 7.
7 of 10 steps (70%) done

[Wed Oct 16 14:05:55 2019]
rule featureCounts:
    input: references/GCF_000005845.2_masked.gff, hisat2/align/ecoli_01.accepted_hits.bam
    output: hisat2/align/ecoli_01.featureCounts.out, hisat2/align/ecoli_01.featureCounts.out.summary
    log: logs/feature_counts/ecoli_01.featureCounts.log
    jobid: 5
    wildcards: sample_id=ecoli_01

Activating conda environment: /Users/emre/Dev/cfb_rnaseq_prokaryote/test/.snakemake/conda/0330c14c
[Wed Oct 16 14:05:56 2019]
Finished job 5.
8 of 10 steps (80%) done

[Wed Oct 16 14:05:56 2019]
rule counts_for_db:
    input: hisat2/align/ecoli_01.featureCounts.out
    output: hisat2/align/ecoli_01.counts_for_db.csv
    log: logs/feature_counts/ecoli_01.counts_for_db.csv
    jobid: 2
    wildcards: sample_id=ecoli_01

[Wed Oct 16 14:05:57 2019]
Finished job 2.
9 of 10 steps (90%) done

[Wed Oct 16 14:05:57 2019]
localrule all:
    input: hisat2/align/ecoli_01.accepted_hits.bam, hisat2/align/ecoli_01.counts_for_db.csv
    jobid: 0

[Wed Oct 16 14:05:57 2019]
Finished job 0.
10 of 10 steps (100%) done
Complete log: /Users/emre/Dev/cfb_rnaseq_prokaryote/.snakemake/log/2019-10-16T140514.312573.snakemake.log
